[3.289s] Invoking command in '/home/rasp7/opencv_tools/build/opencv_tools': PYTHONPATH=/home/rasp7/opencv_tools/build/opencv_tools/prefix_override:/home/rasp7/opencv_tools/install/opencv_tools/lib/python3.11/site-packages:${PYTHONPATH} /usr/bin/python3 setup.py develop --editable --build-directory /home/rasp7/opencv_tools/build/opencv_tools/build --no-deps
[4.346s] running develop
[4.347s] /usr/lib/python3/dist-packages/setuptools/command/easy_install.py:146: EasyInstallDeprecationWarning: easy_install command is deprecated. Use build and pip and other standards-based tools.
[4.347s]   warnings.warn(
[4.431s] /usr/lib/python3/dist-packages/setuptools/command/install.py:34: SetuptoolsDeprecationWarning: setup.py install is deprecated. Use build and pip and other standards-based tools.
[4.431s]   warnings.warn(
[4.811s] running egg_info
[4.932s] writing opencv_tools.egg-info/PKG-INFO
[4.934s] writing dependency_links to opencv_tools.egg-info/dependency_links.txt
[4.934s] writing entry points to opencv_tools.egg-info/entry_points.txt
[4.935s] writing requirements to opencv_tools.egg-info/requires.txt
[4.935s] writing top-level names to opencv_tools.egg-info/top_level.txt
[5.020s] reading manifest file 'opencv_tools.egg-info/SOURCES.txt'
[5.021s] writing manifest file 'opencv_tools.egg-info/SOURCES.txt'
[5.071s] running build_ext
[5.072s] Creating /home/rasp7/opencv_tools/install/opencv_tools/lib/python3.11/site-packages/opencv-tools.egg-link (link to .)
[5.072s] Installing image_publisher script to /home/rasp7/opencv_tools/install/opencv_tools/lib/opencv_tools
[5.072s] 
[5.073s] Installed /home/rasp7/opencv_tools/build/opencv_tools
[5.284s] Invoked command in '/home/rasp7/opencv_tools/build/opencv_tools' returned '0': PYTHONPATH=/home/rasp7/opencv_tools/build/opencv_tools/prefix_override:/home/rasp7/opencv_tools/install/opencv_tools/lib/python3.11/site-packages:${PYTHONPATH} /usr/bin/python3 setup.py develop --editable --build-directory /home/rasp7/opencv_tools/build/opencv_tools/build --no-deps
