[0.625s] DEBUG:colcon:Command line arguments: ['/usr/bin/colcon', 'build', '--symlink-install']
[0.625s] DEBUG:colcon:Parsed command line arguments: Namespace(log_base=None, log_level=None, verb_name='build', build_base='build', install_base='install', merge_install=False, symlink_install=True, test_result_base=None, continue_on_error=False, executor='parallel', parallel_workers=4, event_handlers=None, ignore_user_meta=False, metas=['./colcon.meta'], base_paths=['.'], packages_ignore=None, packages_ignore_regex=None, paths=None, packages_up_to=None, packages_up_to_regex=None, packages_above=None, packages_above_and_dependencies=None, packages_above_depth=None, packages_select_by_dep=None, packages_skip_by_dep=None, packages_skip_up_to=None, packages_select_build_failed=False, packages_skip_build_finished=False, packages_select_test_failures=False, packages_skip_test_passed=False, packages_select=None, packages_skip=None, packages_select_regex=None, packages_skip_regex=None, packages_start=None, packages_end=None, cmake_args=None, cmake_target=None, cmake_target_skip_unavailable=False, cmake_clean_cache=False, cmake_clean_first=False, cmake_force_configure=False, ament_cmake_args=None, catkin_cmake_args=None, catkin_skip_building_tests=False, verb_parser=<colcon_defaults.argument_parser.defaults.DefaultArgumentsDecorator object at 0x7fff43478150>, verb_extension=<colcon_core.verb.build.BuildVerb object at 0x7fff4287d690>, main=<bound method BuildVerb.main of <colcon_core.verb.build.BuildVerb object at 0x7fff4287d690>>)
[0.763s] Level 1:colcon.colcon_core.package_discovery:discover_packages(colcon_meta) check parameters
[0.763s] Level 1:colcon.colcon_core.package_discovery:discover_packages(recursive) check parameters
[0.763s] Level 1:colcon.colcon_core.package_discovery:discover_packages(ignore) check parameters
[0.763s] Level 1:colcon.colcon_core.package_discovery:discover_packages(path) check parameters
[0.763s] Level 1:colcon.colcon_core.package_discovery:discover_packages(colcon_meta) discover
[0.763s] Level 1:colcon.colcon_core.package_discovery:discover_packages(recursive) discover
[0.763s] INFO:colcon.colcon_core.package_discovery:Crawling recursively for packages in '/home/rasp7/opencv_tools'
[0.763s] Level 1:colcon.colcon_core.package_identification:_identify(.) by extensions ['ignore', 'ignore_ament_install']
[0.763s] Level 1:colcon.colcon_core.package_identification:_identify(.) by extension 'ignore'
[0.763s] Level 1:colcon.colcon_core.package_identification:_identify(.) by extension 'ignore_ament_install'
[0.763s] Level 1:colcon.colcon_core.package_identification:_identify(.) by extensions ['colcon_pkg']
[0.764s] Level 1:colcon.colcon_core.package_identification:_identify(.) by extension 'colcon_pkg'
[0.764s] Level 1:colcon.colcon_core.package_identification:_identify(.) by extensions ['colcon_meta']
[0.764s] Level 1:colcon.colcon_core.package_identification:_identify(.) by extension 'colcon_meta'
[0.764s] Level 1:colcon.colcon_core.package_identification:_identify(.) by extensions ['ros']
[0.764s] Level 1:colcon.colcon_core.package_identification:_identify(.) by extension 'ros'
[0.801s] DEBUG:colcon.colcon_core.package_identification:Package '.' with type 'ros.ament_python' and name 'opencv_tools'
[0.801s] Level 1:colcon.colcon_core.package_discovery:discover_packages(recursive) using defaults
[0.801s] Level 1:colcon.colcon_core.package_discovery:discover_packages(ignore) discover
[0.802s] Level 1:colcon.colcon_core.package_discovery:discover_packages(ignore) using defaults
[0.802s] Level 1:colcon.colcon_core.package_discovery:discover_packages(path) discover
[0.802s] Level 1:colcon.colcon_core.package_discovery:discover_packages(path) using defaults
[0.868s] Level 5:colcon.colcon_core.verb:set package 'opencv_tools' build argument 'cmake_args' from command line to 'None'
[0.868s] Level 5:colcon.colcon_core.verb:set package 'opencv_tools' build argument 'cmake_target' from command line to 'None'
[0.868s] Level 5:colcon.colcon_core.verb:set package 'opencv_tools' build argument 'cmake_target_skip_unavailable' from command line to 'False'
[0.868s] Level 5:colcon.colcon_core.verb:set package 'opencv_tools' build argument 'cmake_clean_cache' from command line to 'False'
[0.868s] Level 5:colcon.colcon_core.verb:set package 'opencv_tools' build argument 'cmake_clean_first' from command line to 'False'
[0.868s] Level 5:colcon.colcon_core.verb:set package 'opencv_tools' build argument 'cmake_force_configure' from command line to 'False'
[0.868s] Level 5:colcon.colcon_core.verb:set package 'opencv_tools' build argument 'ament_cmake_args' from command line to 'None'
[0.869s] Level 5:colcon.colcon_core.verb:set package 'opencv_tools' build argument 'catkin_cmake_args' from command line to 'None'
[0.869s] Level 5:colcon.colcon_core.verb:set package 'opencv_tools' build argument 'catkin_skip_building_tests' from command line to 'False'
[0.869s] DEBUG:colcon.colcon_core.verb:Building package 'opencv_tools' with the following arguments: {'ament_cmake_args': None, 'build_base': '/home/rasp7/opencv_tools/build/opencv_tools', 'catkin_cmake_args': None, 'catkin_skip_building_tests': False, 'cmake_args': None, 'cmake_clean_cache': False, 'cmake_clean_first': False, 'cmake_force_configure': False, 'cmake_target': None, 'cmake_target_skip_unavailable': False, 'install_base': '/home/rasp7/opencv_tools/install/opencv_tools', 'merge_install': False, 'path': '/home/rasp7/opencv_tools', 'symlink_install': True, 'test_result_base': None}
[0.869s] INFO:colcon.colcon_core.executor:Executing jobs using 'parallel' executor
[0.872s] DEBUG:colcon.colcon_parallel_executor.executor.parallel:run_until_complete
[0.872s] INFO:colcon.colcon_ros.task.ament_python.build:Building ROS package in '/home/rasp7/opencv_tools' with build type 'ament_python'
[0.872s] Level 1:colcon.colcon_core.shell:create_environment_hook('opencv_tools', 'ament_prefix_path')
[0.879s] INFO:colcon.colcon_core.plugin_system:Skipping extension 'colcon_core.shell.bat': Not used on non-Windows systems
[0.880s] INFO:colcon.colcon_core.shell:Creating environment descriptor '/home/rasp7/opencv_tools/install/opencv_tools/share/opencv_tools/hook/ament_prefix_path.dsv'
[0.880s] INFO:colcon.colcon_core.shell:Creating environment hook '/home/rasp7/opencv_tools/install/opencv_tools/share/opencv_tools/hook/ament_prefix_path.sh'
[0.882s] DEBUG:colcon.colcon_core.shell:Skip shell extension 'dsv' for command environment
[0.897s] WARNING:colcon.colcon_ros.prefix_path.catkin:The path '/opt/ros/humble' in the environment variable CMAKE_PREFIX_PATH doesn't exist
[2.201s] WARNING:colcon.colcon_ros.task.ament_python.build:Package 'opencv_tools' doesn't explicitly install a marker in the package index (colcon-ros currently does it implicitly but that fallback will be removed in the future)
[2.202s] WARNING:colcon.colcon_ros.task.ament_python.build:Package 'opencv_tools' doesn't explicitly install the 'package.xml' file (colcon-ros currently does it implicitly but that fallback will be removed in the future)
[2.202s] INFO:colcon.colcon_core.task.python.build:Building Python package in '/home/rasp7/opencv_tools'
[2.203s] DEBUG:colcon.colcon_core.shell:Skip shell extension 'dsv' for command environment
[4.475s] DEBUG:colcon.colcon_core.event_handler.log_command:Invoking command in '/home/rasp7/opencv_tools/build/opencv_tools': PYTHONPATH=/home/rasp7/opencv_tools/build/opencv_tools/prefix_override:/home/rasp7/opencv_tools/install/opencv_tools/lib/python3.11/site-packages:${PYTHONPATH} /usr/bin/python3 setup.py develop --editable --build-directory /home/rasp7/opencv_tools/build/opencv_tools/build --no-deps
[6.701s] Level 1:colcon.colcon_core.shell:create_environment_hook('opencv_tools', 'pythonpath_develop')
[6.702s] INFO:colcon.colcon_core.shell:Creating environment descriptor '/home/rasp7/opencv_tools/build/opencv_tools/share/opencv_tools/hook/pythonpath_develop.dsv'
[6.703s] DEBUG:colcon.colcon_core.event_handler.log_command:Invoked command in '/home/rasp7/opencv_tools/build/opencv_tools' returned '0': PYTHONPATH=/home/rasp7/opencv_tools/build/opencv_tools/prefix_override:/home/rasp7/opencv_tools/install/opencv_tools/lib/python3.11/site-packages:${PYTHONPATH} /usr/bin/python3 setup.py develop --editable --build-directory /home/rasp7/opencv_tools/build/opencv_tools/build --no-deps
[6.703s] INFO:colcon.colcon_core.shell:Creating environment hook '/home/rasp7/opencv_tools/build/opencv_tools/share/opencv_tools/hook/pythonpath_develop.sh'
[6.718s] Level 1:colcon.colcon_core.environment:checking '/home/rasp7/opencv_tools/install/opencv_tools' for CMake module files
[6.718s] Level 1:colcon.colcon_core.environment:checking '/home/rasp7/opencv_tools/install/opencv_tools' for CMake config files
[6.719s] Level 1:colcon.colcon_core.environment:checking '/home/rasp7/opencv_tools/install/opencv_tools/lib'
[6.720s] Level 1:colcon.colcon_core.environment:checking '/home/rasp7/opencv_tools/install/opencv_tools/bin'
[6.720s] Level 1:colcon.colcon_core.environment:checking '/home/rasp7/opencv_tools/install/opencv_tools/lib/pkgconfig/opencv_tools.pc'
[6.720s] Level 1:colcon.colcon_core.environment:checking '/home/rasp7/opencv_tools/install/opencv_tools/lib/python3.11/site-packages'
[6.721s] Level 1:colcon.colcon_core.shell:create_environment_hook('opencv_tools', 'pythonpath')
[6.722s] INFO:colcon.colcon_core.shell:Creating environment descriptor '/home/rasp7/opencv_tools/install/opencv_tools/share/opencv_tools/hook/pythonpath.dsv'
[6.723s] INFO:colcon.colcon_core.shell:Creating environment hook '/home/rasp7/opencv_tools/install/opencv_tools/share/opencv_tools/hook/pythonpath.sh'
[6.724s] Level 1:colcon.colcon_core.environment:checking '/home/rasp7/opencv_tools/install/opencv_tools/bin'
[6.724s] Level 1:colcon.colcon_core.environment:create_environment_scripts_only(opencv_tools)
[6.725s] INFO:colcon.colcon_core.shell:Creating package descriptor '/home/rasp7/opencv_tools/install/opencv_tools/share/opencv_tools/package.dsv'
[6.727s] INFO:colcon.colcon_core.shell:Creating package script '/home/rasp7/opencv_tools/install/opencv_tools/share/opencv_tools/package.sh'
[6.730s] INFO:colcon.colcon_core.shell:Creating package script '/home/rasp7/opencv_tools/install/opencv_tools/share/opencv_tools/package.bash'
[6.732s] INFO:colcon.colcon_core.shell:Creating package script '/home/rasp7/opencv_tools/install/opencv_tools/share/opencv_tools/package.zsh'
[6.733s] Level 1:colcon.colcon_core.environment:create_file_with_runtime_dependencies(/home/rasp7/opencv_tools/install/opencv_tools/share/colcon-core/packages/opencv_tools)
[6.735s] DEBUG:colcon.colcon_parallel_executor.executor.parallel:closing loop
[6.735s] DEBUG:colcon.colcon_parallel_executor.executor.parallel:loop closed
[6.735s] DEBUG:colcon.colcon_parallel_executor.executor.parallel:run_until_complete finished with '0'
[6.736s] DEBUG:colcon.colcon_core.event_reactor:joining thread
[6.761s] INFO:colcon.colcon_core.plugin_system:Skipping extension 'colcon_notification.desktop_notification.notify_send': Could not find 'notify-send'
[6.762s] INFO:colcon.colcon_core.plugin_system:Skipping extension 'colcon_notification.desktop_notification.terminal_notifier': Not used on non-Darwin systems
[6.762s] INFO:colcon.colcon_core.plugin_system:Skipping extension 'colcon_notification.desktop_notification.win32': Not used on non-Windows systems
[6.762s] INFO:colcon.colcon_notification.desktop_notification:Sending desktop notification using 'notify2'
[6.766s] DEBUG:colcon.colcon_notification.desktop_notification.notify2:Failed to initialize notify2: org.freedesktop.DBus.Error.ServiceUnknown: The name org.freedesktop.Notifications was not provided by any .service files
[6.766s] DEBUG:colcon.colcon_core.event_reactor:joined thread
[6.768s] INFO:colcon.colcon_core.shell:Creating prefix script '/home/rasp7/opencv_tools/install/local_setup.sh'
[6.769s] INFO:colcon.colcon_core.shell:Creating prefix util module '/home/rasp7/opencv_tools/install/_local_setup_util_sh.py'
[6.771s] INFO:colcon.colcon_core.shell:Creating prefix chain script '/home/rasp7/opencv_tools/install/setup.sh'
[6.787s] INFO:colcon.colcon_core.shell:Creating prefix script '/home/rasp7/opencv_tools/install/local_setup.bash'
[6.788s] INFO:colcon.colcon_core.shell:Creating prefix chain script '/home/rasp7/opencv_tools/install/setup.bash'
[6.803s] INFO:colcon.colcon_core.shell:Creating prefix script '/home/rasp7/opencv_tools/install/local_setup.zsh'
[6.804s] INFO:colcon.colcon_core.shell:Creating prefix chain script '/home/rasp7/opencv_tools/install/setup.zsh'
