running develop
/usr/lib/python3/dist-packages/setuptools/command/easy_install.py:146: EasyInstallDeprecationWarning: easy_install command is deprecated. Use build and pip and other standards-based tools.
  warnings.warn(
/usr/lib/python3/dist-packages/setuptools/command/install.py:34: SetuptoolsDeprecationWarning: setup.py install is deprecated. Use build and pip and other standards-based tools.
  warnings.warn(
running egg_info
creating opencv_tools.egg-info
writing opencv_tools.egg-info/PKG-INFO
writing dependency_links to opencv_tools.egg-info/dependency_links.txt
writing requirements to opencv_tools.egg-info/requires.txt
writing top-level names to opencv_tools.egg-info/top_level.txt
writing manifest file 'opencv_tools.egg-info/SOURCES.txt'
reading manifest file 'opencv_tools.egg-info/SOURCES.txt'
writing manifest file 'opencv_tools.egg-info/SOURCES.txt'
running build_ext
Creating /home/rasp7/opencv_tools/install/opencv_tools/lib/python3.11/site-packages/opencv-tools.egg-link (link to .)

Installed /home/rasp7/opencv_tools/build/opencv_tools
running install_data
creating /home/rasp7/opencv_tools/install/opencv_tools/share/ament_index
creating /home/rasp7/opencv_tools/install/opencv_tools/share/ament_index/resource_index
creating /home/rasp7/opencv_tools/install/opencv_tools/share/ament_index/resource_index/packages
copying resource/opencv_tools -> /home/rasp7/opencv_tools/install/opencv_tools/share/ament_index/resource_index/packages
copying package.xml -> /home/rasp7/opencv_tools/install/opencv_tools/share/opencv_tools
